## Footprint report - date Thu Aug 30 14:32:19 2018
## Created by Pcbnew version kicad 4.0.7-e2-6376~61~ubuntu18.04.1
## Unit = mm, Angle = deg.

$BeginDESCRIPTION

$BOARD
upper_left_corner 87.825000 44.163000
lower_right_corner 163.354000 98.204001
$EndBOARD

$MODULE "C1"
reference "C1"
value "100nF"
footprint "Capacitors_SMD:C_0805_HandSoldering"
attribut smd
position 144.462500 77.470000  orientation 180.00
layer front
$PAD "1"
Shape Rect Layer front
position -1.250000  0.000000  size  1.500000  1.250000  orientation 0.00
drill  0.000000
shape_offset  0.000000  0.000000
$EndPAD
$PAD "2"
Shape Rect Layer front
position  1.250000  0.000000  size  1.500000  1.250000  orientation 0.00
drill  0.000000
shape_offset  0.000000  0.000000
$EndPAD
$EndMODULE  C1

$MODULE "C2"
reference "C2"
value "100nF"
footprint "Capacitors_SMD:C_0805_HandSoldering"
attribut smd
position 144.462500 88.900000  orientation 180.00
layer front
$PAD "1"
Shape Rect Layer front
position -1.250000  0.000000  size  1.500000  1.250000  orientation 0.00
drill  0.000000
shape_offset  0.000000  0.000000
$EndPAD
$PAD "2"
Shape Rect Layer front
position  1.250000  0.000000  size  1.500000  1.250000  orientation 0.00
drill  0.000000
shape_offset  0.000000  0.000000
$EndPAD
$EndMODULE  C2

$MODULE "D1"
reference "D1"
value "1N4148"
footprint "Diodes_SMD:D_SOD-123"
attribut smd
position 117.792500 59.690000  orientation 90.00
layer front
$PAD "1"
Shape Rect Layer front
position -1.650000  0.000000  size  0.900000  1.200000  orientation 0.00
drill  0.000000
shape_offset  0.000000  0.000000
$EndPAD
$PAD "2"
Shape Rect Layer front
position  1.650000  0.000000  size  0.900000  1.200000  orientation 0.00
drill  0.000000
shape_offset  0.000000  0.000000
$EndPAD
$EndMODULE  D1

$MODULE "D2"
reference "D2"
value "1N4001"
footprint "Diodes_SMD:D_SOD-123F"
attribut smd
position 140.652500 62.230000  orientation 270.00
layer front
$PAD "1"
Shape Rect Layer front
position -1.400000  0.000000  size  1.100000  1.100000  orientation 0.00
drill  0.000000
shape_offset  0.000000  0.000000
$EndPAD
$PAD "2"
Shape Rect Layer front
position  1.400000  0.000000  size  1.100000  1.100000  orientation 0.00
drill  0.000000
shape_offset  0.000000  0.000000
$EndPAD
$EndMODULE  D2

$MODULE "J1"
reference "J1"
value "Conn_01x03"
footprint "Connectors_Terminal_Blocks:TerminalBlock_Philmore_TB133_03x5mm_Straight"
attribut none
position 153.352500 68.580000  orientation 90.00
layer front
$PAD "1"
Shape Rect Layer both
position  0.000000  0.000000  size  2.400000  2.400000  orientation 0.00
drill  1.470000
shape_offset  0.000000  0.000000
$EndPAD
$PAD "2"
Shape Circle Layer both
position  5.000000  0.000000  size  2.400000  2.400000  orientation 0.00
drill  1.470000
shape_offset  0.000000  0.000000
$EndPAD
$PAD "3"
Shape Circle Layer both
position 10.000000  0.000000  size  2.400000  2.400000  orientation 0.00
drill  1.470000
shape_offset  0.000000  0.000000
$EndPAD
$EndMODULE  J1

$MODULE "J2"
reference "J2"
value "Conn_01x02"
footprint "Connectors_Terminal_Blocks:TerminalBlock_Philmore_TB132_02x5mm_Straight"
attribut none
position 108.902500 60.960000  orientation 270.00
layer front
$PAD "1"
Shape Rect Layer both
position  0.000000  0.000000  size  2.400000  2.400000  orientation 0.00
drill  1.470000
shape_offset  0.000000  0.000000
$EndPAD
$PAD "2"
Shape Circle Layer both
position  5.000000  0.000000  size  2.400000  2.400000  orientation 0.00
drill  1.470000
shape_offset  0.000000  0.000000
$EndPAD
$EndMODULE  J2

$MODULE "J3"
reference "J3"
value "Conn_01x03"
footprint "Pin_Headers:Pin_Header_Straight_1x03_Pitch2.54mm"
attribut none
position 138.938000 69.913500  orientation 0.00
layer front
$PAD "1"
Shape Rect Layer both
position  0.000000  0.000000  size  1.700000  1.700000  orientation 0.00
drill  1.000000
shape_offset  0.000000  0.000000
$EndPAD
$PAD "2"
Shape Oval Layer both
position  0.000000  2.540000  size  1.700000  1.700000  orientation 0.00
drill  1.000000
shape_offset  0.000000  0.000000
$EndPAD
$PAD "3"
Shape Oval Layer both
position  0.000000  5.080000  size  1.700000  1.700000  orientation 0.00
drill  1.000000
shape_offset  0.000000  0.000000
$EndPAD
$EndMODULE  J3

$MODULE "J4"
reference "J4"
value "Conn_01x03"
footprint "Pin_Headers:Pin_Header_Straight_1x03_Pitch2.54mm"
attribut none
position 117.792500 74.930000  orientation 180.00
layer front
$PAD "1"
Shape Rect Layer both
position  0.000000  0.000000  size  1.700000  1.700000  orientation 0.00
drill  1.000000
shape_offset  0.000000  0.000000
$EndPAD
$PAD "2"
Shape Oval Layer both
position  0.000000  2.540000  size  1.700000  1.700000  orientation 0.00
drill  1.000000
shape_offset  0.000000  0.000000
$EndPAD
$PAD "3"
Shape Oval Layer both
position  0.000000  5.080000  size  1.700000  1.700000  orientation 0.00
drill  1.000000
shape_offset  0.000000  0.000000
$EndPAD
$EndMODULE  J4

$MODULE "J5"
reference "J5"
value "Conn_01x02"
footprint "Connectors_Terminal_Blocks:TerminalBlock_Philmore_TB132_02x5mm_Straight"
attribut none
position 153.352500 78.740000  orientation 90.00
layer front
$PAD "1"
Shape Rect Layer both
position  0.000000  0.000000  size  2.400000  2.400000  orientation 0.00
drill  1.470000
shape_offset  0.000000  0.000000
$EndPAD
$PAD "2"
Shape Circle Layer both
position  5.000000  0.000000  size  2.400000  2.400000  orientation 0.00
drill  1.470000
shape_offset  0.000000  0.000000
$EndPAD
$EndMODULE  J5

$MODULE "J7"
reference "J7"
value "Conn_01x03"
footprint "Pin_Headers:Pin_Header_Straight_1x03_Pitch2.54mm"
attribut none
position 139.382500 82.550000  orientation 0.00
layer front
$PAD "1"
Shape Rect Layer both
position  0.000000  0.000000  size  1.700000  1.700000  orientation 0.00
drill  1.000000
shape_offset  0.000000  0.000000
$EndPAD
$PAD "2"
Shape Oval Layer both
position  0.000000  2.540000  size  1.700000  1.700000  orientation 0.00
drill  1.000000
shape_offset  0.000000  0.000000
$EndPAD
$PAD "3"
Shape Oval Layer both
position  0.000000  5.080000  size  1.700000  1.700000  orientation 0.00
drill  1.000000
shape_offset  0.000000  0.000000
$EndPAD
$EndMODULE  J7

$MODULE "J8"
reference "J8"
value "Conn_01x03"
footprint "Pin_Headers:Pin_Header_Straight_1x03_Pitch2.00mm"
attribut none
position 117.792500 86.360000  orientation 180.00
layer front
$PAD "1"
Shape Rect Layer both
position  0.000000  0.000000  size  1.350000  1.350000  orientation 0.00
drill  0.800000
shape_offset  0.000000  0.000000
$EndPAD
$PAD "2"
Shape Oval Layer both
position  0.000000  2.000000  size  1.350000  1.350000  orientation 0.00
drill  0.800000
shape_offset  0.000000  0.000000
$EndPAD
$PAD "3"
Shape Oval Layer both
position  0.000000  4.000000  size  1.350000  1.350000  orientation 0.00
drill  0.800000
shape_offset  0.000000  0.000000
$EndPAD
$EndMODULE  J8

$MODULE "J9"
reference "J9"
value "Conn_01x02"
footprint "Connectors_Terminal_Blocks:TerminalBlock_Philmore_TB132_02x5mm_Straight"
attribut none
position 153.352500 88.900000  orientation 90.00
layer front
$PAD "1"
Shape Rect Layer both
position  0.000000  0.000000  size  2.400000  2.400000  orientation 0.00
drill  1.470000
shape_offset  0.000000  0.000000
$EndPAD
$PAD "2"
Shape Circle Layer both
position  5.000000  0.000000  size  2.400000  2.400000  orientation 0.00
drill  1.470000
shape_offset  0.000000  0.000000
$EndPAD
$EndMODULE  J9

$MODULE "J10"
reference "J10"
value "Conn_01x02"
footprint "Connectors_Terminal_Blocks:TerminalBlock_Philmore_TB132_02x5mm_Straight"
attribut none
position 108.902500 81.280000  orientation 270.00
layer front
$PAD "1"
Shape Rect Layer both
position  0.000000  0.000000  size  2.400000  2.400000  orientation 0.00
drill  1.470000
shape_offset  0.000000  0.000000
$EndPAD
$PAD "2"
Shape Circle Layer both
position  5.000000  0.000000  size  2.400000  2.400000  orientation 0.00
drill  1.470000
shape_offset  0.000000  0.000000
$EndPAD
$EndMODULE  J10

$MODULE "R1"
reference "R1"
value "1K2"
footprint "Resistors_SMD:R_0805_HandSoldering"
attribut smd
position 144.462500 62.230000  orientation 90.00
layer front
$PAD "1"
Shape Rect Layer front
position -1.350000  0.000000  size  1.500000  1.300000  orientation 0.00
drill  0.000000
shape_offset  0.000000  0.000000
$EndPAD
$PAD "2"
Shape Rect Layer front
position  1.350000  0.000000  size  1.500000  1.300000  orientation 0.00
drill  0.000000
shape_offset  0.000000  0.000000
$EndPAD
$EndMODULE  R1

$MODULE "R2"
reference "R2"
value "430"
footprint "Resistors_SMD:R_0805_HandSoldering"
attribut smd
position 121.602500 59.690000  orientation 270.00
layer front
$PAD "1"
Shape Rect Layer front
position -1.350000  0.000000  size  1.500000  1.300000  orientation 0.00
drill  0.000000
shape_offset  0.000000  0.000000
$EndPAD
$PAD "2"
Shape Rect Layer front
position  1.350000  0.000000  size  1.500000  1.300000  orientation 0.00
drill  0.000000
shape_offset  0.000000  0.000000
$EndPAD
$EndMODULE  R2

$MODULE "R3"
reference "R3"
value "470"
footprint "Resistors_SMD:R_0805_HandSoldering"
attribut smd
position 144.462500 67.310000  orientation 180.00
layer front
$PAD "1"
Shape Rect Layer front
position -1.350000  0.000000  size  1.500000  1.300000  orientation 0.00
drill  0.000000
shape_offset  0.000000  0.000000
$EndPAD
$PAD "2"
Shape Rect Layer front
position  1.350000  0.000000  size  1.500000  1.300000  orientation 0.00
drill  0.000000
shape_offset  0.000000  0.000000
$EndPAD
$EndMODULE  R3

$MODULE "RV1"
reference "RV1"
value "1k5"
footprint "Potentiometer_SMD:Potentiometer_Bourns_3314G_Vertical"
attribut smd
position 144.462500 72.390000  orientation 0.00
layer front
$PAD "1"
Shape Rect Layer front
position  1.150000 -2.750000  size  1.300000  1.300000  orientation 0.00
drill  0.000000
shape_offset  0.000000  0.000000
$EndPAD
$PAD "2"
Shape Rect Layer front
position  0.000000  2.750000  size  2.000000  1.300000  orientation 0.00
drill  0.000000
shape_offset  0.000000  0.000000
$EndPAD
$PAD "3"
Shape Rect Layer front
position -1.150000 -2.750000  size  1.300000  1.300000  orientation 0.00
drill  0.000000
shape_offset  0.000000  0.000000
$EndPAD
$EndMODULE  RV1

$MODULE "RV2"
reference "RV2"
value "2k"
footprint "Potentiometer_SMD:Potentiometer_Bourns_3314G_Vertical"
attribut smd
position 144.462500 83.820000  orientation 0.00
layer front
$PAD "1"
Shape Rect Layer front
position  1.150000 -2.750000  size  1.300000  1.300000  orientation 0.00
drill  0.000000
shape_offset  0.000000  0.000000
$EndPAD
$PAD "2"
Shape Rect Layer front
position  0.000000  2.750000  size  2.000000  1.300000  orientation 0.00
drill  0.000000
shape_offset  0.000000  0.000000
$EndPAD
$PAD "3"
Shape Rect Layer front
position -1.150000 -2.750000  size  1.300000  1.300000  orientation 0.00
drill  0.000000
shape_offset  0.000000  0.000000
$EndPAD
$EndMODULE  RV2

$MODULE "T1"
reference "T1"
value "600:600"
footprint "Radio_Digi:Transformer_Bourns_SM-LP-5001"
attribut smd
position 127.952500 72.390000  orientation 0.00
layer front
$PAD "1"
Shape Rect Layer front
position -6.000000 -2.540000  size  3.100000  1.500000  orientation 0.00
drill  0.000000
shape_offset  0.000000  0.000000
$EndPAD
$PAD "3"
Shape Rect Layer front
position -6.000000  2.540000  size  3.100000  1.500000  orientation 0.00
drill  0.000000
shape_offset  0.000000  0.000000
$EndPAD
$PAD "4"
Shape Rect Layer front
position  6.000000  2.540000  size  3.100000  1.500000  orientation 0.00
drill  0.000000
shape_offset  0.000000  0.000000
$EndPAD
$PAD "5"
Shape Rect Layer front
position  6.000000  0.000000  size  3.100000  1.500000  orientation 0.00
drill  0.000000
shape_offset  0.000000  0.000000
$EndPAD
$PAD "6"
Shape Rect Layer front
position  6.000000 -2.540000  size  3.100000  1.500000  orientation 0.00
drill  0.000000
shape_offset  0.000000  0.000000
$EndPAD
$PAD "2"
Shape Rect Layer front
position -6.000000  0.000000  size  3.100000  1.500000  orientation 0.00
drill  0.000000
shape_offset  0.000000  0.000000
$EndPAD
$EndMODULE  T1

$MODULE "T2"
reference "T2"
value "600:600"
footprint "Radio_Digi:Transformer_Bourns_SM-LP-5001"
attribut smd
position 127.952500 85.090000  orientation 0.00
layer front
$PAD "1"
Shape Rect Layer front
position -6.000000 -2.540000  size  3.100000  1.500000  orientation 0.00
drill  0.000000
shape_offset  0.000000  0.000000
$EndPAD
$PAD "3"
Shape Rect Layer front
position -6.000000  2.540000  size  3.100000  1.500000  orientation 0.00
drill  0.000000
shape_offset  0.000000  0.000000
$EndPAD
$PAD "4"
Shape Rect Layer front
position  6.000000  2.540000  size  3.100000  1.500000  orientation 0.00
drill  0.000000
shape_offset  0.000000  0.000000
$EndPAD
$PAD "5"
Shape Rect Layer front
position  6.000000  0.000000  size  3.100000  1.500000  orientation 0.00
drill  0.000000
shape_offset  0.000000  0.000000
$EndPAD
$PAD "6"
Shape Rect Layer front
position  6.000000 -2.540000  size  3.100000  1.500000  orientation 0.00
drill  0.000000
shape_offset  0.000000  0.000000
$EndPAD
$PAD "2"
Shape Rect Layer front
position -6.000000  0.000000  size  3.100000  1.500000  orientation 0.00
drill  0.000000
shape_offset  0.000000  0.000000
$EndPAD
$EndMODULE  T2

$MODULE "U1"
reference "U1"
value "4N25"
footprint "Housings_DIP:DIP-6_W7.62mm_SMD"
attribut smd
position 130.492500 60.960000  orientation 0.00
layer front
$PAD "1"
Shape Rect Layer front
position -3.810000 -2.540000  size  2.300000  1.780000  orientation 0.00
drill  0.000000
shape_offset  0.000000  0.000000
$EndPAD
$PAD "4"
Shape Rect Layer front
position  3.810000  2.540000  size  2.300000  1.780000  orientation 0.00
drill  0.000000
shape_offset  0.000000  0.000000
$EndPAD
$PAD "2"
Shape Rect Layer front
position -3.810000  0.000000  size  2.300000  1.780000  orientation 0.00
drill  0.000000
shape_offset  0.000000  0.000000
$EndPAD
$PAD "5"
Shape Rect Layer front
position  3.810000  0.000000  size  2.300000  1.780000  orientation 0.00
drill  0.000000
shape_offset  0.000000  0.000000
$EndPAD
$PAD "3"
Shape Rect Layer front
position -3.810000  2.540000  size  2.300000  1.780000  orientation 0.00
drill  0.000000
shape_offset  0.000000  0.000000
$EndPAD
$PAD "6"
Shape Rect Layer front
position  3.810000 -2.540000  size  2.300000  1.780000  orientation 0.00
drill  0.000000
shape_offset  0.000000  0.000000
$EndPAD
$EndMODULE  U1

$MODULE "J6"
reference "J6"
value "Conn_01x02"
footprint "Connectors_Terminal_Blocks:TerminalBlock_Philmore_TB132_02x5mm_Straight"
attribut none
position 108.902500 71.120000  orientation 270.00
layer front
$PAD "1"
Shape Rect Layer both
position  0.000000  0.000000  size  2.400000  2.400000  orientation 0.00
drill  1.470000
shape_offset  0.000000  0.000000
$EndPAD
$PAD "2"
Shape Circle Layer both
position  5.000000  0.000000  size  2.400000  2.400000  orientation 0.00
drill  1.470000
shape_offset  0.000000  0.000000
$EndPAD
$EndMODULE  J6

$EndDESCRIPTION
